----------------------------------------------------
[Information]  Bot started with account MeowersGMD
[Information]  Friend Request uploaded (1)
[Information]  Comment uploaded (6321023)
[Information]  Comment uploaded (6321049)
[Information]  Friend Request uploaded (1)
[Information]  Comment uploaded (6321084)
[Information]  Friend Request uploaded (1)
[Information]  Message uploaded (-1)
[Information]  Comment uploaded (6321138)
[Information]  Friend Request uploaded (1)
[Information]  Comment uploaded (6321162)
[Information]  Friend Request uploaded (1)
[Information]  Message uploaded (1)
[Information]  Comment uploaded ()
[Information]  Friend Request uploaded (1)
[Information]  Comment uploaded (6321221)
[Information]  Comment uploaded (6321244)
[Information]  Friend Request uploaded (1)
[Information]  Message uploaded (1)
[Information]  Friend Request uploaded (1)
[Information]  Message uploaded (Error)
[Information]  Comment uploaded (6321321)
